<?xml version="1.0" encoding="UTF-8"?>
<testsuite xmlns:xsi="http://www.w3.org/2001/XMLSchema-instance" xsi:noNamespaceSchemaLocation="https://maven.apache.org/surefire/maven-surefire-plugin/xsd/surefire-test-report-3.0.xsd" version="3.0" name="tests.AppTests" time="0.297" tests="3" errors="0" skipped="0" failures="0">
  <properties>
[...]
</properties>
  <testcase name="testHelloIsInTheSpringContext" classname="tests.AppTests" time="0.017">
    <system-err><![CDATA[Nov 27, 2025 8:29:42 PM org.springframework.test.context.support.AbstractTestContextBootstrapper getDefaultTestExecutionListenerClassNames
INFO: Loaded default TestExecutionListener class names from location [META-INF/spring.factories]: [org.springframework.test.context.web.ServletTestExecutionListener, org.springframework.test.context.support.DirtiesContextBeforeModesTestExecutionListener, org.springframework.test.context.event.ApplicationEventsTestExecutionListener, org.springframework.test.context.support.DependencyInjectionTestExecutionListener, org.springframework.test.context.support.DirtiesContextTestExecutionListener, org.springframework.test.context.transaction.TransactionalTestExecutionListener, org.springframework.test.context.jdbc.SqlScriptsTestExecutionListener, org.springframework.test.context.event.EventPublishingTestExecutionListener]
Nov 27, 2025 8:29:42 PM org.springframework.test.context.support.AbstractTestContextBootstrapper getTestExecutionListeners
INFO: Using TestExecutionListeners: [org.springframework.test.context.support.DirtiesContextBeforeModesTestExecutionListener@5656be13, org.springframework.test.context.event.ApplicationEventsTestExecutionListener@4218d6a3, org.springframework.test.context.support.DependencyInjectionTestExecutionListener@76505305, org.springframework.test.context.support.DirtiesContextTestExecutionListener@14cd1699, org.springframework.test.context.event.EventPublishingTestExecutionListener@77888435]
]]></system-err>
  </testcase>
  <testcase name="test10IsInTheSpringContext" classname="tests.AppTests" time="0.002"/>
  <testcase name="testKokoIsInTheSpringContext" classname="tests.AppTests" time="0.002"/>
</testsuite>